<?xml version="1.0" encoding="UTF-8"?>
<robot generator="Robot 7.2.2 (Python 3.13.3 on win32)" generated="2025-04-30T17:36:23.779043" rpa="false" schemaversion="5">
<suite id="s1" name="Test" source="C:\Users\jacques.schmitz\Desktop\robot axe\test.robot">
<test id="s1-t1" name="Google Accessibility Test" line="6">
<kw name="Open Browser" owner="SeleniumLibrary">
<msg time="2025-04-30T17:36:23.952852" level="INFO">Opening browser 'Chrome' to base url 'https://app.qulture.rocks/'.</msg>
<arg>https://app.qulture.rocks/</arg>
<arg>Chrome</arg>
<doc>Opens a new browser instance to the optional ``url``.</doc>
<status status="PASS" start="2025-04-30T17:36:23.952663" elapsed="15.224126"/>
</kw>
<kw name="Run Accessibility Tests" owner="AxeLibrary">
<msg time="2025-04-30T17:36:39.276127" level="INFO">{'inapplicable': 38, 'incomplete': 0, 'passes': 21, 'violations': 8}</msg>
<msg time="2025-04-30T17:36:39.276597" level="INFO">&amp;{results} = { inapplicable=38 | incomplete=0 | passes=21 | violations=8 }</msg>
<var>&amp;{results}</var>
<arg>qulture.json</arg>
<doc>Executes accessibility tests in current page by injecting axe-core javascript and write results into `result_file` (json). Return result statisitics</doc>
<status status="PASS" start="2025-04-30T17:36:39.177273" elapsed="0.099377"/>
</kw>
<kw name="Log" owner="BuiltIn">
<msg time="2025-04-30T17:36:39.277711" level="INFO">Violations Count: 8</msg>
<arg>Violations Count: ${results.violations}</arg>
<doc>Logs the given message with the given level.</doc>
<status status="PASS" start="2025-04-30T17:36:39.277115" elapsed="0.000672"/>
</kw>
<kw name="Log Readable Accessibility Result" owner="AxeLibrary">
<msg time="2025-04-30T17:36:39.278299" level="INFO" html="true">
                &lt;style&gt;
                    #demo table, #demo th, #demo td{
                        border: 1px dotted black;
                        border-collapse: collapse;
                        table-layout: auto;
                    }
                &lt;/style&gt;
                &lt;table id="demo" style="width:100%"&gt;
                    &lt;tr&gt;
                        &lt;th style="width:50%"&gt;Issue&lt;/th&gt;
                        &lt;th style="width:5%"&gt;URL&lt;/th&gt;
                        &lt;th style="width:7%"&gt;Impact&lt;/th&gt;
                        &lt;th style="width:10%"&gt;Tags&lt;/th&gt;
                    &lt;/tr&gt;
                    &lt;tr&gt;
                        &lt;td&gt;aria-allowed-role - Ensures role attribute has an appropriate value for the element&lt;/td&gt;
                        &lt;td style="text-align:center"&gt;&lt;a href="https://dequeuniversity.com/rules/axe/3.1/aria-allowed-role?application=axeAPI"&gt;Link&lt;/a&gt;&lt;/td&gt;
                        &lt;td style="text-align:center"&gt;minor&lt;/td&gt;
                        &lt;td style="text-align:center"&gt;cat.aria best-practice&lt;/td&gt;
                    &lt;/tr&gt;
                &lt;/table&gt;
                &lt;table id="demodesc" style="width:100%"&gt;
                    &lt;tr&gt;
                        &lt;th style="text-align:left"&gt;Element Affected&lt;/th&gt;
                    &lt;/tr&gt;
                    &lt;tr&gt;
                        &lt;td&gt;1) Target: .qr-button
		role button  is not allowed for given element&lt;/td&gt;
                    &lt;/tr&gt;
                &lt;/table&gt;
                </msg>
<msg time="2025-04-30T17:36:39.278363" level="INFO" html="true">
                &lt;style&gt;
                    #demo table, #demo th, #demo td{
                        border: 1px dotted black;
                        border-collapse: collapse;
                        table-layout: auto;
                    }
                &lt;/style&gt;
                &lt;table id="demo" style="width:100%"&gt;
                    &lt;tr&gt;
                        &lt;th style="width:50%"&gt;Issue&lt;/th&gt;
                        &lt;th style="width:5%"&gt;URL&lt;/th&gt;
                        &lt;th style="width:7%"&gt;Impact&lt;/th&gt;
                        &lt;th style="width:10%"&gt;Tags&lt;/th&gt;
                    &lt;/tr&gt;
                    &lt;tr&gt;
                        &lt;td&gt;autocomplete-valid - Ensure the autocomplete attribute is correct and suitable for the form field&lt;/td&gt;
                        &lt;td style="text-align:center"&gt;&lt;a href="https://dequeuniversity.com/rules/axe/3.1/autocomplete-valid?application=axeAPI"&gt;Link&lt;/a&gt;&lt;/td&gt;
                        &lt;td style="text-align:center"&gt;serious&lt;/td&gt;
                        &lt;td style="text-align:center"&gt;cat.forms wcag21aa wcag135&lt;/td&gt;
                    &lt;/tr&gt;
                &lt;/table&gt;
                &lt;table id="demodesc" style="width:100%"&gt;
                    &lt;tr&gt;
                        &lt;th style="text-align:left"&gt;Element Affected&lt;/th&gt;
                    &lt;/tr&gt;
                    &lt;tr&gt;
                        &lt;td&gt;1) Target: #user_password
		the autocomplete value is inappropriate for this type of input&lt;/td&gt;
                    &lt;/tr&gt;
                &lt;/table&gt;
                </msg>
<msg time="2025-04-30T17:36:39.278419" level="INFO" html="true">
                &lt;style&gt;
                    #demo table, #demo th, #demo td{
                        border: 1px dotted black;
                        border-collapse: collapse;
                        table-layout: auto;
                    }
                &lt;/style&gt;
                &lt;table id="demo" style="width:100%"&gt;
                    &lt;tr&gt;
                        &lt;th style="width:50%"&gt;Issue&lt;/th&gt;
                        &lt;th style="width:5%"&gt;URL&lt;/th&gt;
                        &lt;th style="width:7%"&gt;Impact&lt;/th&gt;
                        &lt;th style="width:10%"&gt;Tags&lt;/th&gt;
                    &lt;/tr&gt;
                    &lt;tr&gt;
                        &lt;td&gt;bypass - Ensures each page has at least one mechanism for a user to bypass navigation and jump straight to the content&lt;/td&gt;
                        &lt;td style="text-align:center"&gt;&lt;a href="https://dequeuniversity.com/rules/axe/3.1/bypass?application=axeAPI"&gt;Link&lt;/a&gt;&lt;/td&gt;
                        &lt;td style="text-align:center"&gt;serious&lt;/td&gt;
                        &lt;td style="text-align:center"&gt;cat.keyboard wcag2a wcag241 section508 section508.22.o&lt;/td&gt;
                    &lt;/tr&gt;
                &lt;/table&gt;
                &lt;table id="demodesc" style="width:100%"&gt;
                    &lt;tr&gt;
                        &lt;th style="text-align:left"&gt;Element Affected&lt;/th&gt;
                    &lt;/tr&gt;
                    &lt;tr&gt;
                        &lt;td&gt;1) Target: html
		No valid skip link found
		Page does not have a header
		Page does not have a landmark region&lt;/td&gt;
                    &lt;/tr&gt;
                &lt;/table&gt;
                </msg>
<msg time="2025-04-30T17:36:39.278465" level="INFO" html="true">
                &lt;style&gt;
                    #demo table, #demo th, #demo td{
                        border: 1px dotted black;
                        border-collapse: collapse;
                        table-layout: auto;
                    }
                &lt;/style&gt;
                &lt;table id="demo" style="width:100%"&gt;
                    &lt;tr&gt;
                        &lt;th style="width:50%"&gt;Issue&lt;/th&gt;
                        &lt;th style="width:5%"&gt;URL&lt;/th&gt;
                        &lt;th style="width:7%"&gt;Impact&lt;/th&gt;
                        &lt;th style="width:10%"&gt;Tags&lt;/th&gt;
                    &lt;/tr&gt;
                    &lt;tr&gt;
                        &lt;td&gt;color-contrast - Ensures the contrast between foreground and background colors meets WCAG 2 AA contrast ratio thresholds&lt;/td&gt;
                        &lt;td style="text-align:center"&gt;&lt;a href="https://dequeuniversity.com/rules/axe/3.1/color-contrast?application=axeAPI"&gt;Link&lt;/a&gt;&lt;/td&gt;
                        &lt;td style="text-align:center"&gt;serious&lt;/td&gt;
                        &lt;td style="text-align:center"&gt;cat.color wcag2aa wcag143&lt;/td&gt;
                    &lt;/tr&gt;
                &lt;/table&gt;
                &lt;table id="demodesc" style="width:100%"&gt;
                    &lt;tr&gt;
                        &lt;th style="text-align:left"&gt;Element Affected&lt;/th&gt;
                    &lt;/tr&gt;
                    &lt;tr&gt;
                        &lt;td&gt;1) Target: .new_session__divider-text
		Element has insufficient color contrast of 1.83 (foreground color: #bfbfbf, background color: #ffffff, font size: 12.0pt, font weight: bold). Expected contrast ratio of 4.5:1&lt;/td&gt;
                    &lt;/tr&gt;
                &lt;/table&gt;
                </msg>
<msg time="2025-04-30T17:36:39.278816" level="INFO" html="true">
                &lt;style&gt;
                    #demo table, #demo th, #demo td{
                        border: 1px dotted black;
                        border-collapse: collapse;
                        table-layout: auto;
                    }
                &lt;/style&gt;
                &lt;table id="demo" style="width:100%"&gt;
                    &lt;tr&gt;
                        &lt;th style="width:50%"&gt;Issue&lt;/th&gt;
                        &lt;th style="width:5%"&gt;URL&lt;/th&gt;
                        &lt;th style="width:7%"&gt;Impact&lt;/th&gt;
                        &lt;th style="width:10%"&gt;Tags&lt;/th&gt;
                    &lt;/tr&gt;
                    &lt;tr&gt;
                        &lt;td&gt;html-has-lang - Ensures every HTML document has a lang attribute&lt;/td&gt;
                        &lt;td style="text-align:center"&gt;&lt;a href="https://dequeuniversity.com/rules/axe/3.1/html-has-lang?application=axeAPI"&gt;Link&lt;/a&gt;&lt;/td&gt;
                        &lt;td style="text-align:center"&gt;serious&lt;/td&gt;
                        &lt;td style="text-align:center"&gt;cat.language wcag2a wcag311&lt;/td&gt;
                    &lt;/tr&gt;
                &lt;/table&gt;
                &lt;table id="demodesc" style="width:100%"&gt;
                    &lt;tr&gt;
                        &lt;th style="text-align:left"&gt;Element Affected&lt;/th&gt;
                    &lt;/tr&gt;
                    &lt;tr&gt;
                        &lt;td&gt;1) Target: html
		The &lt;html&gt; element does not have a lang attribute&lt;/td&gt;
                    &lt;/tr&gt;
                &lt;/table&gt;
                </msg>
<msg time="2025-04-30T17:36:39.278894" level="INFO" html="true">
                &lt;style&gt;
                    #demo table, #demo th, #demo td{
                        border: 1px dotted black;
                        border-collapse: collapse;
                        table-layout: auto;
                    }
                &lt;/style&gt;
                &lt;table id="demo" style="width:100%"&gt;
                    &lt;tr&gt;
                        &lt;th style="width:50%"&gt;Issue&lt;/th&gt;
                        &lt;th style="width:5%"&gt;URL&lt;/th&gt;
                        &lt;th style="width:7%"&gt;Impact&lt;/th&gt;
                        &lt;th style="width:10%"&gt;Tags&lt;/th&gt;
                    &lt;/tr&gt;
                    &lt;tr&gt;
                        &lt;td&gt;landmark-one-main - Ensures the page has only one main landmark and each iframe in the page has at most one main landmark&lt;/td&gt;
                        &lt;td style="text-align:center"&gt;&lt;a href="https://dequeuniversity.com/rules/axe/3.1/landmark-one-main?application=axeAPI"&gt;Link&lt;/a&gt;&lt;/td&gt;
                        &lt;td style="text-align:center"&gt;moderate&lt;/td&gt;
                        &lt;td style="text-align:center"&gt;cat.semantics best-practice&lt;/td&gt;
                    &lt;/tr&gt;
                &lt;/table&gt;
                &lt;table id="demodesc" style="width:100%"&gt;
                    &lt;tr&gt;
                        &lt;th style="text-align:left"&gt;Element Affected&lt;/th&gt;
                    &lt;/tr&gt;
                    &lt;tr&gt;
                        &lt;td&gt;1) Target: html
		Page does not have a main landmark&lt;/td&gt;
                    &lt;/tr&gt;
                &lt;/table&gt;
                </msg>
<msg time="2025-04-30T17:36:39.278945" level="INFO" html="true">
                &lt;style&gt;
                    #demo table, #demo th, #demo td{
                        border: 1px dotted black;
                        border-collapse: collapse;
                        table-layout: auto;
                    }
                &lt;/style&gt;
                &lt;table id="demo" style="width:100%"&gt;
                    &lt;tr&gt;
                        &lt;th style="width:50%"&gt;Issue&lt;/th&gt;
                        &lt;th style="width:5%"&gt;URL&lt;/th&gt;
                        &lt;th style="width:7%"&gt;Impact&lt;/th&gt;
                        &lt;th style="width:10%"&gt;Tags&lt;/th&gt;
                    &lt;/tr&gt;
                    &lt;tr&gt;
                        &lt;td&gt;page-has-heading-one - Ensure that the page, or at least one of its frames contains a level-one heading&lt;/td&gt;
                        &lt;td style="text-align:center"&gt;&lt;a href="https://dequeuniversity.com/rules/axe/3.1/page-has-heading-one?application=axeAPI"&gt;Link&lt;/a&gt;&lt;/td&gt;
                        &lt;td style="text-align:center"&gt;moderate&lt;/td&gt;
                        &lt;td style="text-align:center"&gt;cat.semantics best-practice&lt;/td&gt;
                    &lt;/tr&gt;
                &lt;/table&gt;
                &lt;table id="demodesc" style="width:100%"&gt;
                    &lt;tr&gt;
                        &lt;th style="text-align:left"&gt;Element Affected&lt;/th&gt;
                    &lt;/tr&gt;
                    &lt;tr&gt;
                        &lt;td&gt;1) Target: html
		Page must have a level-one heading&lt;/td&gt;
                    &lt;/tr&gt;
                &lt;/table&gt;
                </msg>
<msg time="2025-04-30T17:36:39.278989" level="INFO" html="true">
                &lt;style&gt;
                    #demo table, #demo th, #demo td{
                        border: 1px dotted black;
                        border-collapse: collapse;
                        table-layout: auto;
                    }
                &lt;/style&gt;
                &lt;table id="demo" style="width:100%"&gt;
                    &lt;tr&gt;
                        &lt;th style="width:50%"&gt;Issue&lt;/th&gt;
                        &lt;th style="width:5%"&gt;URL&lt;/th&gt;
                        &lt;th style="width:7%"&gt;Impact&lt;/th&gt;
                        &lt;th style="width:10%"&gt;Tags&lt;/th&gt;
                    &lt;/tr&gt;
                    &lt;tr&gt;
                        &lt;td&gt;region - Ensures all page content is contained by landmarks&lt;/td&gt;
                        &lt;td style="text-align:center"&gt;&lt;a href="https://dequeuniversity.com/rules/axe/3.1/region?application=axeAPI"&gt;Link&lt;/a&gt;&lt;/td&gt;
                        &lt;td style="text-align:center"&gt;moderate&lt;/td&gt;
                        &lt;td style="text-align:center"&gt;cat.keyboard best-practice&lt;/td&gt;
                    &lt;/tr&gt;
                &lt;/table&gt;
                &lt;table id="demodesc" style="width:100%"&gt;
                    &lt;tr&gt;
                        &lt;th style="text-align:left"&gt;Element Affected&lt;/th&gt;
                    &lt;/tr&gt;
                    &lt;tr&gt;
                        &lt;td&gt;1) Target: html
		Some page content is not contained by landmarks&lt;/td&gt;
                    &lt;/tr&gt;
                &lt;/table&gt;
                </msg>
<arg>violations</arg>
<doc>Inserts readable accessibility result into `log.html` based on given `type`. Need to be used after `Run Accessibility Tests` keyword</doc>
<status status="PASS" start="2025-04-30T17:36:39.278093" elapsed="0.000967"/>
</kw>
<kw name="Close All Browsers" owner="SeleniumLibrary" type="TEARDOWN">
<doc>Closes all open browsers and resets the browser cache.</doc>
<status status="PASS" start="2025-04-30T17:36:39.279483" elapsed="2.371854"/>
</kw>
<status status="PASS" start="2025-04-30T17:36:23.952012" elapsed="17.699812"/>
</test>
<status status="PASS" start="2025-04-30T17:36:23.780714" elapsed="17.872476"/>
</suite>
<statistics>
<total>
<stat pass="1" fail="0" skip="0">All Tests</stat>
</total>
<tag>
</tag>
<suite>
<stat name="Test" id="s1" pass="1" fail="0" skip="0">Test</stat>
</suite>
</statistics>
<errors>
</errors>
</robot>
