<?xml version="1.0" encoding="UTF-8"?>
<robot generator="Robot 7.2.2 (Python 3.13.3 on win32)" generated="2025-05-07T01:06:18.996096" rpa="false" schemaversion="5">
<suite id="s1" name="Keyboard Navigation Test &amp; Test">
<suite id="s1-s1" name="Keyboard Navigation Test" source="C:\Users\jacques.schmitz\Desktop\robot axe\keyboard_navigation_test.robot">
<test id="s1-s1-t1" name="Qulture Rocks Keyboard Navigation Test" line="25">
<kw name="Open Browser" owner="SeleniumLibrary">
<msg time="2025-05-07T01:06:19.165074" level="INFO">Opening browser 'chrome' to base url 'https://app.qulture.rocks/'.</msg>
<arg>${URL}</arg>
<arg>chrome</arg>
<arg>chrome_options=${HEADLESS_ARGS}</arg>
<doc>Opens a new browser instance to the optional ``url``.</doc>
<status status="PASS" start="2025-05-07T01:06:19.164778" elapsed="4.690207"/>
</kw>
<kw name="Run Accessibility Tests" owner="AxeLibrary">
<msg time="2025-05-07T01:06:27.275667" level="INFO">{'inapplicable': 38, 'incomplete': 0, 'passes': 21, 'violations': 8}</msg>
<msg time="2025-05-07T01:06:27.275897" level="INFO">&amp;{results} = { inapplicable=38 | incomplete=0 | passes=21 | violations=8 }</msg>
<var>&amp;{results}</var>
<arg>keyboard-test-home.json</arg>
<doc>Executes accessibility tests in current page by injecting axe-core javascript and write results into `result_file` (json). Return result statisitics</doc>
<status status="PASS" start="2025-05-07T01:06:23.855811" elapsed="3.420111"/>
</kw>
<kw name="Set Variable" owner="BuiltIn">
<msg time="2025-05-07T01:06:27.276925" level="INFO">${violations_count} = 8</msg>
<var>${violations_count}</var>
<arg>${results.violations}</arg>
<doc>Returns the given values which can then be assigned to a variables.</doc>
<status status="PASS" start="2025-05-07T01:06:27.276316" elapsed="0.000640"/>
</kw>
<kw name="Run Keyword If" owner="BuiltIn">
<kw name="Log" owner="BuiltIn">
<msg time="2025-05-07T01:06:27.277610" level="INFO">Found 8 keyboard navigation issues</msg>
<arg>Found ${violations_count} keyboard navigation issues</arg>
<doc>Logs the given message with the given level.</doc>
<status status="PASS" start="2025-05-07T01:06:27.277513" elapsed="0.000134"/>
</kw>
<arg>${violations_count} &gt; 0</arg>
<arg>Log</arg>
<arg>Found ${violations_count} keyboard navigation issues</arg>
<doc>Runs the given keyword with the given arguments, if ``condition`` is true.</doc>
<status status="PASS" start="2025-05-07T01:06:27.277283" elapsed="0.000407"/>
</kw>
<kw name="Log Readable Accessibility Result" owner="AxeLibrary">
<msg time="2025-05-07T01:06:27.278122" level="INFO" html="true">
                &lt;style&gt;
                    #demo table, #demo th, #demo td{
                        border: 1px dotted black;
                        border-collapse: collapse;
                        table-layout: auto;
                    }
                &lt;/style&gt;
                &lt;table id="demo" style="width:100%"&gt;
                    &lt;tr&gt;
                        &lt;th style="width:50%"&gt;Issue&lt;/th&gt;
                        &lt;th style="width:5%"&gt;URL&lt;/th&gt;
                        &lt;th style="width:7%"&gt;Impact&lt;/th&gt;
                        &lt;th style="width:10%"&gt;Tags&lt;/th&gt;
                    &lt;/tr&gt;
                    &lt;tr&gt;
                        &lt;td&gt;aria-allowed-role - Ensures role attribute has an appropriate value for the element&lt;/td&gt;
                        &lt;td style="text-align:center"&gt;&lt;a href="https://dequeuniversity.com/rules/axe/3.1/aria-allowed-role?application=axeAPI"&gt;Link&lt;/a&gt;&lt;/td&gt;
                        &lt;td style="text-align:center"&gt;minor&lt;/td&gt;
                        &lt;td style="text-align:center"&gt;cat.aria best-practice&lt;/td&gt;
                    &lt;/tr&gt;
                &lt;/table&gt;
                &lt;table id="demodesc" style="width:100%"&gt;
                    &lt;tr&gt;
                        &lt;th style="text-align:left"&gt;Element Affected&lt;/th&gt;
                    &lt;/tr&gt;
                    &lt;tr&gt;
                        &lt;td&gt;1) Target: .qr-button
		role button  is not allowed for given element&lt;/td&gt;
                    &lt;/tr&gt;
                &lt;/table&gt;
                </msg>
<msg time="2025-05-07T01:06:27.278179" level="INFO" html="true">
                &lt;style&gt;
                    #demo table, #demo th, #demo td{
                        border: 1px dotted black;
                        border-collapse: collapse;
                        table-layout: auto;
                    }
                &lt;/style&gt;
                &lt;table id="demo" style="width:100%"&gt;
                    &lt;tr&gt;
                        &lt;th style="width:50%"&gt;Issue&lt;/th&gt;
                        &lt;th style="width:5%"&gt;URL&lt;/th&gt;
                        &lt;th style="width:7%"&gt;Impact&lt;/th&gt;
                        &lt;th style="width:10%"&gt;Tags&lt;/th&gt;
                    &lt;/tr&gt;
                    &lt;tr&gt;
                        &lt;td&gt;autocomplete-valid - Ensure the autocomplete attribute is correct and suitable for the form field&lt;/td&gt;
                        &lt;td style="text-align:center"&gt;&lt;a href="https://dequeuniversity.com/rules/axe/3.1/autocomplete-valid?application=axeAPI"&gt;Link&lt;/a&gt;&lt;/td&gt;
                        &lt;td style="text-align:center"&gt;serious&lt;/td&gt;
                        &lt;td style="text-align:center"&gt;cat.forms wcag21aa wcag135&lt;/td&gt;
                    &lt;/tr&gt;
                &lt;/table&gt;
                &lt;table id="demodesc" style="width:100%"&gt;
                    &lt;tr&gt;
                        &lt;th style="text-align:left"&gt;Element Affected&lt;/th&gt;
                    &lt;/tr&gt;
                    &lt;tr&gt;
                        &lt;td&gt;1) Target: #user_password
		the autocomplete value is inappropriate for this type of input&lt;/td&gt;
                    &lt;/tr&gt;
                &lt;/table&gt;
                </msg>
<msg time="2025-05-07T01:06:27.278234" level="INFO" html="true">
                &lt;style&gt;
                    #demo table, #demo th, #demo td{
                        border: 1px dotted black;
                        border-collapse: collapse;
                        table-layout: auto;
                    }
                &lt;/style&gt;
                &lt;table id="demo" style="width:100%"&gt;
                    &lt;tr&gt;
                        &lt;th style="width:50%"&gt;Issue&lt;/th&gt;
                        &lt;th style="width:5%"&gt;URL&lt;/th&gt;
                        &lt;th style="width:7%"&gt;Impact&lt;/th&gt;
                        &lt;th style="width:10%"&gt;Tags&lt;/th&gt;
                    &lt;/tr&gt;
                    &lt;tr&gt;
                        &lt;td&gt;bypass - Ensures each page has at least one mechanism for a user to bypass navigation and jump straight to the content&lt;/td&gt;
                        &lt;td style="text-align:center"&gt;&lt;a href="https://dequeuniversity.com/rules/axe/3.1/bypass?application=axeAPI"&gt;Link&lt;/a&gt;&lt;/td&gt;
                        &lt;td style="text-align:center"&gt;serious&lt;/td&gt;
                        &lt;td style="text-align:center"&gt;cat.keyboard wcag2a wcag241 section508 section508.22.o&lt;/td&gt;
                    &lt;/tr&gt;
                &lt;/table&gt;
                &lt;table id="demodesc" style="width:100%"&gt;
                    &lt;tr&gt;
                        &lt;th style="text-align:left"&gt;Element Affected&lt;/th&gt;
                    &lt;/tr&gt;
                    &lt;tr&gt;
                        &lt;td&gt;1) Target: html
		No valid skip link found
		Page does not have a header
		Page does not have a landmark region&lt;/td&gt;
                    &lt;/tr&gt;
                &lt;/table&gt;
                </msg>
<msg time="2025-05-07T01:06:27.278276" level="INFO" html="true">
                &lt;style&gt;
                    #demo table, #demo th, #demo td{
                        border: 1px dotted black;
                        border-collapse: collapse;
                        table-layout: auto;
                    }
                &lt;/style&gt;
                &lt;table id="demo" style="width:100%"&gt;
                    &lt;tr&gt;
                        &lt;th style="width:50%"&gt;Issue&lt;/th&gt;
                        &lt;th style="width:5%"&gt;URL&lt;/th&gt;
                        &lt;th style="width:7%"&gt;Impact&lt;/th&gt;
                        &lt;th style="width:10%"&gt;Tags&lt;/th&gt;
                    &lt;/tr&gt;
                    &lt;tr&gt;
                        &lt;td&gt;color-contrast - Ensures the contrast between foreground and background colors meets WCAG 2 AA contrast ratio thresholds&lt;/td&gt;
                        &lt;td style="text-align:center"&gt;&lt;a href="https://dequeuniversity.com/rules/axe/3.1/color-contrast?application=axeAPI"&gt;Link&lt;/a&gt;&lt;/td&gt;
                        &lt;td style="text-align:center"&gt;serious&lt;/td&gt;
                        &lt;td style="text-align:center"&gt;cat.color wcag2aa wcag143&lt;/td&gt;
                    &lt;/tr&gt;
                &lt;/table&gt;
                &lt;table id="demodesc" style="width:100%"&gt;
                    &lt;tr&gt;
                        &lt;th style="text-align:left"&gt;Element Affected&lt;/th&gt;
                    &lt;/tr&gt;
                    &lt;tr&gt;
                        &lt;td&gt;1) Target: .new_session__divider-text
		Element has insufficient color contrast of 1.83 (foreground color: #bfbfbf, background color: #ffffff, font size: 12.0pt, font weight: bold). Expected contrast ratio of 4.5:1&lt;/td&gt;
                    &lt;/tr&gt;
                &lt;/table&gt;
                </msg>
<msg time="2025-05-07T01:06:27.278558" level="INFO" html="true">
                &lt;style&gt;
                    #demo table, #demo th, #demo td{
                        border: 1px dotted black;
                        border-collapse: collapse;
                        table-layout: auto;
                    }
                &lt;/style&gt;
                &lt;table id="demo" style="width:100%"&gt;
                    &lt;tr&gt;
                        &lt;th style="width:50%"&gt;Issue&lt;/th&gt;
                        &lt;th style="width:5%"&gt;URL&lt;/th&gt;
                        &lt;th style="width:7%"&gt;Impact&lt;/th&gt;
                        &lt;th style="width:10%"&gt;Tags&lt;/th&gt;
                    &lt;/tr&gt;
                    &lt;tr&gt;
                        &lt;td&gt;html-has-lang - Ensures every HTML document has a lang attribute&lt;/td&gt;
                        &lt;td style="text-align:center"&gt;&lt;a href="https://dequeuniversity.com/rules/axe/3.1/html-has-lang?application=axeAPI"&gt;Link&lt;/a&gt;&lt;/td&gt;
                        &lt;td style="text-align:center"&gt;serious&lt;/td&gt;
                        &lt;td style="text-align:center"&gt;cat.language wcag2a wcag311&lt;/td&gt;
                    &lt;/tr&gt;
                &lt;/table&gt;
                &lt;table id="demodesc" style="width:100%"&gt;
                    &lt;tr&gt;
                        &lt;th style="text-align:left"&gt;Element Affected&lt;/th&gt;
                    &lt;/tr&gt;
                    &lt;tr&gt;
                        &lt;td&gt;1) Target: html
		The &lt;html&gt; element does not have a lang attribute&lt;/td&gt;
                    &lt;/tr&gt;
                &lt;/table&gt;
                </msg>
<msg time="2025-05-07T01:06:27.278607" level="INFO" html="true">
                &lt;style&gt;
                    #demo table, #demo th, #demo td{
                        border: 1px dotted black;
                        border-collapse: collapse;
                        table-layout: auto;
                    }
                &lt;/style&gt;
                &lt;table id="demo" style="width:100%"&gt;
                    &lt;tr&gt;
                        &lt;th style="width:50%"&gt;Issue&lt;/th&gt;
                        &lt;th style="width:5%"&gt;URL&lt;/th&gt;
                        &lt;th style="width:7%"&gt;Impact&lt;/th&gt;
                        &lt;th style="width:10%"&gt;Tags&lt;/th&gt;
                    &lt;/tr&gt;
                    &lt;tr&gt;
                        &lt;td&gt;landmark-one-main - Ensures the page has only one main landmark and each iframe in the page has at most one main landmark&lt;/td&gt;
                        &lt;td style="text-align:center"&gt;&lt;a href="https://dequeuniversity.com/rules/axe/3.1/landmark-one-main?application=axeAPI"&gt;Link&lt;/a&gt;&lt;/td&gt;
                        &lt;td style="text-align:center"&gt;moderate&lt;/td&gt;
                        &lt;td style="text-align:center"&gt;cat.semantics best-practice&lt;/td&gt;
                    &lt;/tr&gt;
                &lt;/table&gt;
                &lt;table id="demodesc" style="width:100%"&gt;
                    &lt;tr&gt;
                        &lt;th style="text-align:left"&gt;Element Affected&lt;/th&gt;
                    &lt;/tr&gt;
                    &lt;tr&gt;
                        &lt;td&gt;1) Target: html
		Page does not have a main landmark&lt;/td&gt;
                    &lt;/tr&gt;
                &lt;/table&gt;
                </msg>
<msg time="2025-05-07T01:06:27.278658" level="INFO" html="true">
                &lt;style&gt;
                    #demo table, #demo th, #demo td{
                        border: 1px dotted black;
                        border-collapse: collapse;
                        table-layout: auto;
                    }
                &lt;/style&gt;
                &lt;table id="demo" style="width:100%"&gt;
                    &lt;tr&gt;
                        &lt;th style="width:50%"&gt;Issue&lt;/th&gt;
                        &lt;th style="width:5%"&gt;URL&lt;/th&gt;
                        &lt;th style="width:7%"&gt;Impact&lt;/th&gt;
                        &lt;th style="width:10%"&gt;Tags&lt;/th&gt;
                    &lt;/tr&gt;
                    &lt;tr&gt;
                        &lt;td&gt;page-has-heading-one - Ensure that the page, or at least one of its frames contains a level-one heading&lt;/td&gt;
                        &lt;td style="text-align:center"&gt;&lt;a href="https://dequeuniversity.com/rules/axe/3.1/page-has-heading-one?application=axeAPI"&gt;Link&lt;/a&gt;&lt;/td&gt;
                        &lt;td style="text-align:center"&gt;moderate&lt;/td&gt;
                        &lt;td style="text-align:center"&gt;cat.semantics best-practice&lt;/td&gt;
                    &lt;/tr&gt;
                &lt;/table&gt;
                &lt;table id="demodesc" style="width:100%"&gt;
                    &lt;tr&gt;
                        &lt;th style="text-align:left"&gt;Element Affected&lt;/th&gt;
                    &lt;/tr&gt;
                    &lt;tr&gt;
                        &lt;td&gt;1) Target: html
		Page must have a level-one heading&lt;/td&gt;
                    &lt;/tr&gt;
                &lt;/table&gt;
                </msg>
<msg time="2025-05-07T01:06:27.278705" level="INFO" html="true">
                &lt;style&gt;
                    #demo table, #demo th, #demo td{
                        border: 1px dotted black;
                        border-collapse: collapse;
                        table-layout: auto;
                    }
                &lt;/style&gt;
                &lt;table id="demo" style="width:100%"&gt;
                    &lt;tr&gt;
                        &lt;th style="width:50%"&gt;Issue&lt;/th&gt;
                        &lt;th style="width:5%"&gt;URL&lt;/th&gt;
                        &lt;th style="width:7%"&gt;Impact&lt;/th&gt;
                        &lt;th style="width:10%"&gt;Tags&lt;/th&gt;
                    &lt;/tr&gt;
                    &lt;tr&gt;
                        &lt;td&gt;region - Ensures all page content is contained by landmarks&lt;/td&gt;
                        &lt;td style="text-align:center"&gt;&lt;a href="https://dequeuniversity.com/rules/axe/3.1/region?application=axeAPI"&gt;Link&lt;/a&gt;&lt;/td&gt;
                        &lt;td style="text-align:center"&gt;moderate&lt;/td&gt;
                        &lt;td style="text-align:center"&gt;cat.keyboard best-practice&lt;/td&gt;
                    &lt;/tr&gt;
                &lt;/table&gt;
                &lt;table id="demodesc" style="width:100%"&gt;
                    &lt;tr&gt;
                        &lt;th style="text-align:left"&gt;Element Affected&lt;/th&gt;
                    &lt;/tr&gt;
                    &lt;tr&gt;
                        &lt;td&gt;1) Target: html
		Some page content is not contained by landmarks&lt;/td&gt;
                    &lt;/tr&gt;
                &lt;/table&gt;
                </msg>
<arg>violations</arg>
<doc>Inserts readable accessibility result into `log.html` based on given `type`. Need to be used after `Run Accessibility Tests` keyword</doc>
<status status="PASS" start="2025-05-07T01:06:27.277967" elapsed="0.000803"/>
</kw>
<kw name="Tab Navigation">
<kw name="Press Keys" owner="SeleniumLibrary">
<msg time="2025-05-07T01:06:27.279979" level="INFO">Sending key(s) ('TAB',) to page.</msg>
<msg time="2025-05-07T01:06:27.280143" level="INFO">Pressing special key TAB to browser.</msg>
<msg time="2025-05-07T01:06:27.280212" level="INFO">Releasing special key TAB.</msg>
<arg>None</arg>
<arg>TAB</arg>
<doc>Simulates the user pressing key(s) to an element or on the active browser.</doc>
<status status="PASS" start="2025-05-07T01:06:27.279557" elapsed="0.007773"/>
</kw>
<kw name="Sleep" owner="BuiltIn">
<msg time="2025-05-07T01:06:29.288434" level="INFO">Slept 2 seconds.</msg>
<arg>2s</arg>
<doc>Pauses the test executed for the given time.</doc>
<status status="PASS" start="2025-05-07T01:06:27.287685" elapsed="2.000924"/>
</kw>
<kw name="Capture Page Screenshot" owner="SeleniumLibrary">
<msg time="2025-05-07T01:06:29.401912" level="INFO" html="true">&lt;/td&gt;&lt;/tr&gt;&lt;tr&gt;&lt;td colspan="3"&gt;&lt;a href="selenium-screenshot-12.png"&gt;&lt;img src="selenium-screenshot-12.png" width="800px"&gt;&lt;/a&gt;</msg>
<doc>Takes a screenshot of the current page and embeds it into a log file.</doc>
<status status="PASS" start="2025-05-07T01:06:29.289078" elapsed="0.113044"/>
</kw>
<status status="PASS" start="2025-05-07T01:06:27.279317" elapsed="2.123019"/>
</kw>
<kw name="Log To Console" owner="BuiltIn">
<arg>[Step 1] After 1st TAB press:</arg>
<doc>Logs the given message to the console.</doc>
<status status="PASS" start="2025-05-07T01:06:29.402784" elapsed="0.000371"/>
</kw>
<kw name="Log Focused Element Info">
<kw name="Execute Javascript" owner="SeleniumLibrary">
<msg time="2025-05-07T01:06:29.404878" level="INFO">Executing JavaScript:
return document.activeElement.tagName || ''
Without any arguments.</msg>
<msg time="2025-05-07T01:06:29.412546" level="INFO">${tag} = INPUT</msg>
<var>${tag}</var>
<arg>return document.activeElement.tagName || ''</arg>
<doc>Executes the given JavaScript code with possible arguments.</doc>
<status status="PASS" start="2025-05-07T01:06:29.404220" elapsed="0.008427"/>
</kw>
<kw name="Execute Javascript" owner="SeleniumLibrary">
<msg time="2025-05-07T01:06:29.413611" level="INFO">Executing JavaScript:
return document.activeElement.className || ''
Without any arguments.</msg>
<msg time="2025-05-07T01:06:29.422372" level="INFO">${cls} = qr-form__input</msg>
<var>${cls}</var>
<arg>return document.activeElement.className || ''</arg>
<doc>Executes the given JavaScript code with possible arguments.</doc>
<status status="PASS" start="2025-05-07T01:06:29.412926" elapsed="0.009519"/>
</kw>
<kw name="Execute Javascript" owner="SeleniumLibrary">
<msg time="2025-05-07T01:06:29.423194" level="INFO">Executing JavaScript:
return document.activeElement.id || ''
Without any arguments.</msg>
<msg time="2025-05-07T01:06:29.429738" level="INFO">${id} = user_password</msg>
<var>${id}</var>
<arg>return document.activeElement.id || ''</arg>
<doc>Executes the given JavaScript code with possible arguments.</doc>
<status status="PASS" start="2025-05-07T01:06:29.422681" elapsed="0.007121"/>
</kw>
<kw name="Execute Javascript" owner="SeleniumLibrary">
<msg time="2025-05-07T01:06:29.430545" level="INFO">Executing JavaScript:
return document.activeElement.textContent || ''
Without any arguments.</msg>
<msg time="2025-05-07T01:06:29.436945" level="INFO">${text} = </msg>
<var>${text}</var>
<arg>return document.activeElement.textContent || ''</arg>
<doc>Executes the given JavaScript code with possible arguments.</doc>
<status status="PASS" start="2025-05-07T01:06:29.430049" elapsed="0.006961"/>
</kw>
<kw name="Execute Javascript" owner="SeleniumLibrary">
<msg time="2025-05-07T01:06:29.437676" level="INFO">Executing JavaScript:
return document.activeElement.value || ''
Without any arguments.</msg>
<msg time="2025-05-07T01:06:29.443803" level="INFO">${value} = </msg>
<var>${value}</var>
<arg>return document.activeElement.value || ''</arg>
<doc>Executes the given JavaScript code with possible arguments.</doc>
<status status="PASS" start="2025-05-07T01:06:29.437226" elapsed="0.006639"/>
</kw>
<kw name="Log To Console" owner="BuiltIn">
<arg>Focused Element:\n - Tag: ${tag}\n - ID: ${id}\n - Class: ${cls}\n - Text: ${text}\n - Value: ${value}</arg>
<doc>Logs the given message to the console.</doc>
<status status="PASS" start="2025-05-07T01:06:29.444238" elapsed="0.000879"/>
</kw>
<status status="PASS" start="2025-05-07T01:06:29.403571" elapsed="0.041703"/>
</kw>
<kw name="Repeat Keyword" owner="BuiltIn">
<msg time="2025-05-07T01:06:29.445770" level="INFO">Repeating keyword, round 1/3.</msg>
<kw name="Tab Navigation">
<kw name="Press Keys" owner="SeleniumLibrary">
<msg time="2025-05-07T01:06:29.446588" level="INFO">Sending key(s) ('TAB',) to page.</msg>
<msg time="2025-05-07T01:06:29.446689" level="INFO">Pressing special key TAB to browser.</msg>
<msg time="2025-05-07T01:06:29.446735" level="INFO">Releasing special key TAB.</msg>
<arg>None</arg>
<arg>TAB</arg>
<doc>Simulates the user pressing key(s) to an element or on the active browser.</doc>
<status status="PASS" start="2025-05-07T01:06:29.446206" elapsed="0.024060"/>
</kw>
<kw name="Sleep" owner="BuiltIn">
<msg time="2025-05-07T01:06:31.471281" level="INFO">Slept 2 seconds.</msg>
<arg>2s</arg>
<doc>Pauses the test executed for the given time.</doc>
<status status="PASS" start="2025-05-07T01:06:29.470561" elapsed="2.000977"/>
</kw>
<kw name="Capture Page Screenshot" owner="SeleniumLibrary">
<msg time="2025-05-07T01:06:31.577949" level="INFO" html="true">&lt;/td&gt;&lt;/tr&gt;&lt;tr&gt;&lt;td colspan="3"&gt;&lt;a href="selenium-screenshot-13.png"&gt;&lt;img src="selenium-screenshot-13.png" width="800px"&gt;&lt;/a&gt;</msg>
<doc>Takes a screenshot of the current page and embeds it into a log file.</doc>
<status status="PASS" start="2025-05-07T01:06:31.471895" elapsed="0.106218"/>
</kw>
<status status="PASS" start="2025-05-07T01:06:29.445937" elapsed="2.132320"/>
</kw>
<msg time="2025-05-07T01:06:31.578327" level="INFO">Repeating keyword, round 2/3.</msg>
<kw name="Tab Navigation">
<kw name="Press Keys" owner="SeleniumLibrary">
<msg time="2025-05-07T01:06:31.579298" level="INFO">Sending key(s) ('TAB',) to page.</msg>
<msg time="2025-05-07T01:06:31.579398" level="INFO">Pressing special key TAB to browser.</msg>
<msg time="2025-05-07T01:06:31.579479" level="INFO">Releasing special key TAB.</msg>
<arg>None</arg>
<arg>TAB</arg>
<doc>Simulates the user pressing key(s) to an element or on the active browser.</doc>
<status status="PASS" start="2025-05-07T01:06:31.578884" elapsed="0.013470"/>
</kw>
<kw name="Sleep" owner="BuiltIn">
<msg time="2025-05-07T01:06:33.593259" level="INFO">Slept 2 seconds.</msg>
<arg>2s</arg>
<doc>Pauses the test executed for the given time.</doc>
<status status="PASS" start="2025-05-07T01:06:31.592685" elapsed="2.000971"/>
</kw>
<kw name="Capture Page Screenshot" owner="SeleniumLibrary">
<msg time="2025-05-07T01:06:33.716874" level="INFO" html="true">&lt;/td&gt;&lt;/tr&gt;&lt;tr&gt;&lt;td colspan="3"&gt;&lt;a href="selenium-screenshot-14.png"&gt;&lt;img src="selenium-screenshot-14.png" width="800px"&gt;&lt;/a&gt;</msg>
<doc>Takes a screenshot of the current page and embeds it into a log file.</doc>
<status status="PASS" start="2025-05-07T01:06:33.594159" elapsed="0.122813"/>
</kw>
<status status="PASS" start="2025-05-07T01:06:31.578543" elapsed="2.138510"/>
</kw>
<msg time="2025-05-07T01:06:33.717084" level="INFO">Repeating keyword, round 3/3.</msg>
<kw name="Tab Navigation">
<kw name="Press Keys" owner="SeleniumLibrary">
<msg time="2025-05-07T01:06:33.717643" level="INFO">Sending key(s) ('TAB',) to page.</msg>
<msg time="2025-05-07T01:06:33.717699" level="INFO">Pressing special key TAB to browser.</msg>
<msg time="2025-05-07T01:06:33.717722" level="INFO">Releasing special key TAB.</msg>
<arg>None</arg>
<arg>TAB</arg>
<doc>Simulates the user pressing key(s) to an element or on the active browser.</doc>
<status status="PASS" start="2025-05-07T01:06:33.717404" elapsed="0.008830"/>
</kw>
<kw name="Sleep" owner="BuiltIn">
<msg time="2025-05-07T01:06:35.727216" level="INFO">Slept 2 seconds.</msg>
<arg>2s</arg>
<doc>Pauses the test executed for the given time.</doc>
<status status="PASS" start="2025-05-07T01:06:33.726531" elapsed="2.000835"/>
</kw>
<kw name="Capture Page Screenshot" owner="SeleniumLibrary">
<msg time="2025-05-07T01:06:35.821570" level="INFO" html="true">&lt;/td&gt;&lt;/tr&gt;&lt;tr&gt;&lt;td colspan="3"&gt;&lt;a href="selenium-screenshot-15.png"&gt;&lt;img src="selenium-screenshot-15.png" width="800px"&gt;&lt;/a&gt;</msg>
<doc>Takes a screenshot of the current page and embeds it into a log file.</doc>
<status status="PASS" start="2025-05-07T01:06:35.727575" elapsed="0.094112"/>
</kw>
<status status="PASS" start="2025-05-07T01:06:33.717215" elapsed="2.104575"/>
</kw>
<arg>3</arg>
<arg>Tab Navigation</arg>
<doc>Executes the specified keyword multiple times.</doc>
<status status="PASS" start="2025-05-07T01:06:29.445625" elapsed="6.376290"/>
</kw>
<kw name="Sleep" owner="BuiltIn">
<msg time="2025-05-07T01:06:36.823261" level="INFO">Slept 1 second.</msg>
<arg>1s</arg>
<doc>Pauses the test executed for the given time.</doc>
<status status="PASS" start="2025-05-07T01:06:35.822536" elapsed="1.000963"/>
</kw>
<kw name="Log To Console" owner="BuiltIn">
<arg>[Step 2] After 4 TAB presses:</arg>
<doc>Logs the given message to the console.</doc>
<status status="PASS" start="2025-05-07T01:06:36.824112" elapsed="0.001320"/>
</kw>
<kw name="Log Focused Element Info">
<kw name="Execute Javascript" owner="SeleniumLibrary">
<msg time="2025-05-07T01:06:36.827105" level="INFO">Executing JavaScript:
return document.activeElement.tagName || ''
Without any arguments.</msg>
<msg time="2025-05-07T01:06:36.844376" level="INFO">${tag} = A</msg>
<var>${tag}</var>
<arg>return document.activeElement.tagName || ''</arg>
<doc>Executes the given JavaScript code with possible arguments.</doc>
<status status="PASS" start="2025-05-07T01:06:36.826474" elapsed="0.017959"/>
</kw>
<kw name="Execute Javascript" owner="SeleniumLibrary">
<msg time="2025-05-07T01:06:36.845322" level="INFO">Executing JavaScript:
return document.activeElement.className || ''
Without any arguments.</msg>
<msg time="2025-05-07T01:06:36.852456" level="INFO">${cls} = qr-link</msg>
<var>${cls}</var>
<arg>return document.activeElement.className || ''</arg>
<doc>Executes the given JavaScript code with possible arguments.</doc>
<status status="PASS" start="2025-05-07T01:06:36.844690" elapsed="0.007807"/>
</kw>
<kw name="Execute Javascript" owner="SeleniumLibrary">
<msg time="2025-05-07T01:06:36.852942" level="INFO">Executing JavaScript:
return document.activeElement.id || ''
Without any arguments.</msg>
<msg time="2025-05-07T01:06:36.858927" level="INFO">${id} = </msg>
<var>${id}</var>
<arg>return document.activeElement.id || ''</arg>
<doc>Executes the given JavaScript code with possible arguments.</doc>
<status status="PASS" start="2025-05-07T01:06:36.852645" elapsed="0.006370"/>
</kw>
<kw name="Execute Javascript" owner="SeleniumLibrary">
<msg time="2025-05-07T01:06:36.859975" level="INFO">Executing JavaScript:
return document.activeElement.textContent || ''
Without any arguments.</msg>
<msg time="2025-05-07T01:06:36.874610" level="INFO">${text} = Esqueceu sua senha?</msg>
<var>${text}</var>
<arg>return document.activeElement.textContent || ''</arg>
<doc>Executes the given JavaScript code with possible arguments.</doc>
<status status="PASS" start="2025-05-07T01:06:36.859318" elapsed="0.015361"/>
</kw>
<kw name="Execute Javascript" owner="SeleniumLibrary">
<msg time="2025-05-07T01:06:36.875450" level="INFO">Executing JavaScript:
return document.activeElement.value || ''
Without any arguments.</msg>
<msg time="2025-05-07T01:06:36.882663" level="INFO">${value} = </msg>
<var>${value}</var>
<arg>return document.activeElement.value || ''</arg>
<doc>Executes the given JavaScript code with possible arguments.</doc>
<status status="PASS" start="2025-05-07T01:06:36.874915" elapsed="0.007810"/>
</kw>
<kw name="Log To Console" owner="BuiltIn">
<arg>Focused Element:\n - Tag: ${tag}\n - ID: ${id}\n - Class: ${cls}\n - Text: ${text}\n - Value: ${value}</arg>
<doc>Logs the given message to the console.</doc>
<status status="PASS" start="2025-05-07T01:06:36.882923" elapsed="0.000807"/>
</kw>
<status status="PASS" start="2025-05-07T01:06:36.826040" elapsed="0.057830"/>
</kw>
<kw name="Press Keys" owner="SeleniumLibrary">
<msg time="2025-05-07T01:06:36.884998" level="INFO">Sending key(s) ('ENTER',) to page.</msg>
<msg time="2025-05-07T01:06:36.885207" level="INFO">Pressing special key ENTER to browser.</msg>
<msg time="2025-05-07T01:06:36.885252" level="INFO">Releasing special key ENTER.</msg>
<arg>None</arg>
<arg>ENTER</arg>
<doc>Simulates the user pressing key(s) to an element or on the active browser.</doc>
<status status="PASS" start="2025-05-07T01:06:36.884134" elapsed="0.347815"/>
</kw>
<kw name="Sleep" owner="BuiltIn">
<msg time="2025-05-07T01:06:38.232956" level="INFO">Slept 1 second.</msg>
<arg>1s</arg>
<doc>Pauses the test executed for the given time.</doc>
<status status="PASS" start="2025-05-07T01:06:37.232412" elapsed="1.000744"/>
</kw>
<kw name="Run Accessibility Tests" owner="AxeLibrary">
<msg time="2025-05-07T01:06:38.866843" level="INFO">{'inapplicable': 33, 'incomplete': 1, 'passes': 26, 'violations': 6}</msg>
<msg time="2025-05-07T01:06:38.867103" level="INFO">&amp;{results} = { inapplicable=33 | incomplete=1 | passes=26 | violations=6 }</msg>
<var>&amp;{results}</var>
<arg>keyboard-test-forgot-password.json</arg>
<doc>Executes accessibility tests in current page by injecting axe-core javascript and write results into `result_file` (json). Return result statisitics</doc>
<status status="PASS" start="2025-05-07T01:06:38.233831" elapsed="0.633302"/>
</kw>
<kw name="Set Variable" owner="BuiltIn">
<msg time="2025-05-07T01:06:38.868100" level="INFO">${violations_count} = 6</msg>
<var>${violations_count}</var>
<arg>${results.violations}</arg>
<doc>Returns the given values which can then be assigned to a variables.</doc>
<status status="PASS" start="2025-05-07T01:06:38.867626" elapsed="0.000502"/>
</kw>
<kw name="Run Keyword If" owner="BuiltIn">
<kw name="Log" owner="BuiltIn">
<msg time="2025-05-07T01:06:38.868899" level="INFO">Found 6 keyboard navigation issues</msg>
<arg>Found ${violations_count} keyboard navigation issues</arg>
<doc>Logs the given message with the given level.</doc>
<status status="PASS" start="2025-05-07T01:06:38.868719" elapsed="0.000234"/>
</kw>
<arg>${violations_count} &gt; 0</arg>
<arg>Log</arg>
<arg>Found ${violations_count} keyboard navigation issues</arg>
<doc>Runs the given keyword with the given arguments, if ``condition`` is true.</doc>
<status status="PASS" start="2025-05-07T01:06:38.868373" elapsed="0.000646"/>
</kw>
<kw name="Log Readable Accessibility Result" owner="AxeLibrary">
<msg time="2025-05-07T01:06:38.869477" level="INFO" html="true">
                &lt;style&gt;
                    #demo table, #demo th, #demo td{
                        border: 1px dotted black;
                        border-collapse: collapse;
                        table-layout: auto;
                    }
                &lt;/style&gt;
                &lt;table id="demo" style="width:100%"&gt;
                    &lt;tr&gt;
                        &lt;th style="width:50%"&gt;Issue&lt;/th&gt;
                        &lt;th style="width:5%"&gt;URL&lt;/th&gt;
                        &lt;th style="width:7%"&gt;Impact&lt;/th&gt;
                        &lt;th style="width:10%"&gt;Tags&lt;/th&gt;
                    &lt;/tr&gt;
                    &lt;tr&gt;
                        &lt;td&gt;aria-allowed-role - Ensures role attribute has an appropriate value for the element&lt;/td&gt;
                        &lt;td style="text-align:center"&gt;&lt;a href="https://dequeuniversity.com/rules/axe/3.1/aria-allowed-role?application=axeAPI"&gt;Link&lt;/a&gt;&lt;/td&gt;
                        &lt;td style="text-align:center"&gt;minor&lt;/td&gt;
                        &lt;td style="text-align:center"&gt;cat.aria best-practice&lt;/td&gt;
                    &lt;/tr&gt;
                &lt;/table&gt;
                &lt;table id="demodesc" style="width:100%"&gt;
                    &lt;tr&gt;
                        &lt;th style="text-align:left"&gt;Element Affected&lt;/th&gt;
                    &lt;/tr&gt;
                    &lt;tr&gt;
                        &lt;td&gt;1) Target: #submit
		role button  is not allowed for given element&lt;/td&gt;
                    &lt;/tr&gt;
                &lt;/table&gt;
                </msg>
<msg time="2025-05-07T01:06:38.869530" level="INFO" html="true">
                &lt;style&gt;
                    #demo table, #demo th, #demo td{
                        border: 1px dotted black;
                        border-collapse: collapse;
                        table-layout: auto;
                    }
                &lt;/style&gt;
                &lt;table id="demo" style="width:100%"&gt;
                    &lt;tr&gt;
                        &lt;th style="width:50%"&gt;Issue&lt;/th&gt;
                        &lt;th style="width:5%"&gt;URL&lt;/th&gt;
                        &lt;th style="width:7%"&gt;Impact&lt;/th&gt;
                        &lt;th style="width:10%"&gt;Tags&lt;/th&gt;
                    &lt;/tr&gt;
                    &lt;tr&gt;
                        &lt;td&gt;bypass - Ensures each page has at least one mechanism for a user to bypass navigation and jump straight to the content&lt;/td&gt;
                        &lt;td style="text-align:center"&gt;&lt;a href="https://dequeuniversity.com/rules/axe/3.1/bypass?application=axeAPI"&gt;Link&lt;/a&gt;&lt;/td&gt;
                        &lt;td style="text-align:center"&gt;serious&lt;/td&gt;
                        &lt;td style="text-align:center"&gt;cat.keyboard wcag2a wcag241 section508 section508.22.o&lt;/td&gt;
                    &lt;/tr&gt;
                &lt;/table&gt;
                &lt;table id="demodesc" style="width:100%"&gt;
                    &lt;tr&gt;
                        &lt;th style="text-align:left"&gt;Element Affected&lt;/th&gt;
                    &lt;/tr&gt;
                    &lt;tr&gt;
                        &lt;td&gt;1) Target: html
		No valid skip link found
		Page does not have a header
		Page does not have a landmark region&lt;/td&gt;
                    &lt;/tr&gt;
                &lt;/table&gt;
                </msg>
<msg time="2025-05-07T01:06:38.869796" level="INFO" html="true">
                &lt;style&gt;
                    #demo table, #demo th, #demo td{
                        border: 1px dotted black;
                        border-collapse: collapse;
                        table-layout: auto;
                    }
                &lt;/style&gt;
                &lt;table id="demo" style="width:100%"&gt;
                    &lt;tr&gt;
                        &lt;th style="width:50%"&gt;Issue&lt;/th&gt;
                        &lt;th style="width:5%"&gt;URL&lt;/th&gt;
                        &lt;th style="width:7%"&gt;Impact&lt;/th&gt;
                        &lt;th style="width:10%"&gt;Tags&lt;/th&gt;
                    &lt;/tr&gt;
                    &lt;tr&gt;
                        &lt;td&gt;html-has-lang - Ensures every HTML document has a lang attribute&lt;/td&gt;
                        &lt;td style="text-align:center"&gt;&lt;a href="https://dequeuniversity.com/rules/axe/3.1/html-has-lang?application=axeAPI"&gt;Link&lt;/a&gt;&lt;/td&gt;
                        &lt;td style="text-align:center"&gt;serious&lt;/td&gt;
                        &lt;td style="text-align:center"&gt;cat.language wcag2a wcag311&lt;/td&gt;
                    &lt;/tr&gt;
                &lt;/table&gt;
                &lt;table id="demodesc" style="width:100%"&gt;
                    &lt;tr&gt;
                        &lt;th style="text-align:left"&gt;Element Affected&lt;/th&gt;
                    &lt;/tr&gt;
                    &lt;tr&gt;
                        &lt;td&gt;1) Target: html
		The &lt;html&gt; element does not have a lang attribute&lt;/td&gt;
                    &lt;/tr&gt;
                &lt;/table&gt;
                </msg>
<msg time="2025-05-07T01:06:38.869851" level="INFO" html="true">
                &lt;style&gt;
                    #demo table, #demo th, #demo td{
                        border: 1px dotted black;
                        border-collapse: collapse;
                        table-layout: auto;
                    }
                &lt;/style&gt;
                &lt;table id="demo" style="width:100%"&gt;
                    &lt;tr&gt;
                        &lt;th style="width:50%"&gt;Issue&lt;/th&gt;
                        &lt;th style="width:5%"&gt;URL&lt;/th&gt;
                        &lt;th style="width:7%"&gt;Impact&lt;/th&gt;
                        &lt;th style="width:10%"&gt;Tags&lt;/th&gt;
                    &lt;/tr&gt;
                    &lt;tr&gt;
                        &lt;td&gt;landmark-one-main - Ensures the page has only one main landmark and each iframe in the page has at most one main landmark&lt;/td&gt;
                        &lt;td style="text-align:center"&gt;&lt;a href="https://dequeuniversity.com/rules/axe/3.1/landmark-one-main?application=axeAPI"&gt;Link&lt;/a&gt;&lt;/td&gt;
                        &lt;td style="text-align:center"&gt;moderate&lt;/td&gt;
                        &lt;td style="text-align:center"&gt;cat.semantics best-practice&lt;/td&gt;
                    &lt;/tr&gt;
                &lt;/table&gt;
                &lt;table id="demodesc" style="width:100%"&gt;
                    &lt;tr&gt;
                        &lt;th style="text-align:left"&gt;Element Affected&lt;/th&gt;
                    &lt;/tr&gt;
                    &lt;tr&gt;
                        &lt;td&gt;1) Target: html
		Page does not have a main landmark&lt;/td&gt;
                    &lt;/tr&gt;
                &lt;/table&gt;
                </msg>
<msg time="2025-05-07T01:06:38.869894" level="INFO" html="true">
                &lt;style&gt;
                    #demo table, #demo th, #demo td{
                        border: 1px dotted black;
                        border-collapse: collapse;
                        table-layout: auto;
                    }
                &lt;/style&gt;
                &lt;table id="demo" style="width:100%"&gt;
                    &lt;tr&gt;
                        &lt;th style="width:50%"&gt;Issue&lt;/th&gt;
                        &lt;th style="width:5%"&gt;URL&lt;/th&gt;
                        &lt;th style="width:7%"&gt;Impact&lt;/th&gt;
                        &lt;th style="width:10%"&gt;Tags&lt;/th&gt;
                    &lt;/tr&gt;
                    &lt;tr&gt;
                        &lt;td&gt;page-has-heading-one - Ensure that the page, or at least one of its frames contains a level-one heading&lt;/td&gt;
                        &lt;td style="text-align:center"&gt;&lt;a href="https://dequeuniversity.com/rules/axe/3.1/page-has-heading-one?application=axeAPI"&gt;Link&lt;/a&gt;&lt;/td&gt;
                        &lt;td style="text-align:center"&gt;moderate&lt;/td&gt;
                        &lt;td style="text-align:center"&gt;cat.semantics best-practice&lt;/td&gt;
                    &lt;/tr&gt;
                &lt;/table&gt;
                &lt;table id="demodesc" style="width:100%"&gt;
                    &lt;tr&gt;
                        &lt;th style="text-align:left"&gt;Element Affected&lt;/th&gt;
                    &lt;/tr&gt;
                    &lt;tr&gt;
                        &lt;td&gt;1) Target: html
		Page must have a level-one heading&lt;/td&gt;
                    &lt;/tr&gt;
                &lt;/table&gt;
                </msg>
<msg time="2025-05-07T01:06:38.869932" level="INFO" html="true">
                &lt;style&gt;
                    #demo table, #demo th, #demo td{
                        border: 1px dotted black;
                        border-collapse: collapse;
                        table-layout: auto;
                    }
                &lt;/style&gt;
                &lt;table id="demo" style="width:100%"&gt;
                    &lt;tr&gt;
                        &lt;th style="width:50%"&gt;Issue&lt;/th&gt;
                        &lt;th style="width:5%"&gt;URL&lt;/th&gt;
                        &lt;th style="width:7%"&gt;Impact&lt;/th&gt;
                        &lt;th style="width:10%"&gt;Tags&lt;/th&gt;
                    &lt;/tr&gt;
                    &lt;tr&gt;
                        &lt;td&gt;region - Ensures all page content is contained by landmarks&lt;/td&gt;
                        &lt;td style="text-align:center"&gt;&lt;a href="https://dequeuniversity.com/rules/axe/3.1/region?application=axeAPI"&gt;Link&lt;/a&gt;&lt;/td&gt;
                        &lt;td style="text-align:center"&gt;moderate&lt;/td&gt;
                        &lt;td style="text-align:center"&gt;cat.keyboard best-practice&lt;/td&gt;
                    &lt;/tr&gt;
                &lt;/table&gt;
                &lt;table id="demodesc" style="width:100%"&gt;
                    &lt;tr&gt;
                        &lt;th style="text-align:left"&gt;Element Affected&lt;/th&gt;
                    &lt;/tr&gt;
                    &lt;tr&gt;
                        &lt;td&gt;1) Target: html
		Some page content is not contained by landmarks&lt;/td&gt;
                    &lt;/tr&gt;
                &lt;/table&gt;
                </msg>
<arg>violations</arg>
<doc>Inserts readable accessibility result into `log.html` based on given `type`. Need to be used after `Run Accessibility Tests` keyword</doc>
<status status="PASS" start="2025-05-07T01:06:38.869336" elapsed="0.000649"/>
</kw>
<kw name="Capture Page Screenshot" owner="SeleniumLibrary">
<msg time="2025-05-07T01:06:38.961225" level="INFO" html="true">&lt;/td&gt;&lt;/tr&gt;&lt;tr&gt;&lt;td colspan="3"&gt;&lt;a href="selenium-screenshot-16.png"&gt;&lt;img src="selenium-screenshot-16.png" width="800px"&gt;&lt;/a&gt;</msg>
<doc>Takes a screenshot of the current page and embeds it into a log file.</doc>
<status status="PASS" start="2025-05-07T01:06:38.870421" elapsed="0.090900"/>
</kw>
<kw name="Press Keys" owner="SeleniumLibrary">
<msg time="2025-05-07T01:06:38.962102" level="INFO">Sending key(s) ('ESC',) to page.</msg>
<msg time="2025-05-07T01:06:38.962164" level="INFO">Pressing special key ESCAPE to browser.</msg>
<msg time="2025-05-07T01:06:38.962187" level="INFO">Releasing special key ESCAPE.</msg>
<arg>None</arg>
<arg>ESC</arg>
<doc>Simulates the user pressing key(s) to an element or on the active browser.</doc>
<status status="PASS" start="2025-05-07T01:06:38.961702" elapsed="0.012704"/>
</kw>
<kw name="Sleep" owner="BuiltIn">
<msg time="2025-05-07T01:06:39.975434" level="INFO">Slept 1 second.</msg>
<arg>1s</arg>
<doc>Pauses the test executed for the given time.</doc>
<status status="PASS" start="2025-05-07T01:06:38.974686" elapsed="1.000886"/>
</kw>
<kw name="Close All Browsers" owner="SeleniumLibrary" type="TEARDOWN">
<doc>Closes all open browsers and resets the browser cache.</doc>
<status status="PASS" start="2025-05-07T01:06:39.976116" elapsed="2.514804"/>
</kw>
<status status="PASS" start="2025-05-07T01:06:19.163873" elapsed="23.327351"/>
</test>
<status status="PASS" start="2025-05-07T01:06:19.028956" elapsed="23.463242"/>
</suite>
<suite id="s1-s2" name="Test" source="C:\Users\jacques.schmitz\Desktop\robot axe\test.robot">
<test id="s1-s2-t1" name="Qulture Rocks General Accessibility Test" line="12">
<kw name="Open Browser" owner="SeleniumLibrary">
<msg time="2025-05-07T01:06:42.498056" level="INFO">Opening browser 'chrome' to base url 'https://app.qulture.rocks/'.</msg>
<arg>${URL}</arg>
<arg>chrome</arg>
<arg>chrome_options=${HEADLESS_ARGS}</arg>
<doc>Opens a new browser instance to the optional ``url``.</doc>
<status status="PASS" start="2025-05-07T01:06:42.497458" elapsed="7.465853"/>
</kw>
<kw name="Run Accessibility Tests" owner="AxeLibrary">
<msg time="2025-05-07T01:06:54.651411" level="INFO">{'inapplicable': 32, 'incomplete': 1, 'passes': 26, 'violations': 8}</msg>
<msg time="2025-05-07T01:06:54.651749" level="INFO">&amp;{results} = { inapplicable=32 | incomplete=1 | passes=26 | violations=8 }</msg>
<var>&amp;{results}</var>
<arg>${RESULTS_FILE}</arg>
<doc>Executes accessibility tests in current page by injecting axe-core javascript and write results into `result_file` (json). Return result statisitics</doc>
<status status="PASS" start="2025-05-07T01:06:49.963850" elapsed="4.687958"/>
</kw>
<kw name="Log" owner="BuiltIn">
<msg time="2025-05-07T01:06:54.652933" level="INFO">Violations Count: 8</msg>
<arg>Violations Count: ${results.violations}</arg>
<doc>Logs the given message with the given level.</doc>
<status status="PASS" start="2025-05-07T01:06:54.652250" elapsed="0.000761"/>
</kw>
<kw name="Capture Page Screenshot" owner="SeleniumLibrary">
<msg time="2025-05-07T01:06:54.742705" level="INFO" html="true">&lt;/td&gt;&lt;/tr&gt;&lt;tr&gt;&lt;td colspan="3"&gt;&lt;a href="selenium-screenshot-17.png"&gt;&lt;img src="selenium-screenshot-17.png" width="800px"&gt;&lt;/a&gt;</msg>
<doc>Takes a screenshot of the current page and embeds it into a log file.</doc>
<status status="PASS" start="2025-05-07T01:06:54.653498" elapsed="0.089353"/>
</kw>
<kw name="Log Readable Accessibility Result" owner="AxeLibrary">
<msg time="2025-05-07T01:06:54.743507" level="INFO" html="true">
                &lt;style&gt;
                    #demo table, #demo th, #demo td{
                        border: 1px dotted black;
                        border-collapse: collapse;
                        table-layout: auto;
                    }
                &lt;/style&gt;
                &lt;table id="demo" style="width:100%"&gt;
                    &lt;tr&gt;
                        &lt;th style="width:50%"&gt;Issue&lt;/th&gt;
                        &lt;th style="width:5%"&gt;URL&lt;/th&gt;
                        &lt;th style="width:7%"&gt;Impact&lt;/th&gt;
                        &lt;th style="width:10%"&gt;Tags&lt;/th&gt;
                    &lt;/tr&gt;
                    &lt;tr&gt;
                        &lt;td&gt;aria-allowed-role - Ensures role attribute has an appropriate value for the element&lt;/td&gt;
                        &lt;td style="text-align:center"&gt;&lt;a href="https://dequeuniversity.com/rules/axe/3.1/aria-allowed-role?application=axeAPI"&gt;Link&lt;/a&gt;&lt;/td&gt;
                        &lt;td style="text-align:center"&gt;minor&lt;/td&gt;
                        &lt;td style="text-align:center"&gt;cat.aria best-practice&lt;/td&gt;
                    &lt;/tr&gt;
                &lt;/table&gt;
                &lt;table id="demodesc" style="width:100%"&gt;
                    &lt;tr&gt;
                        &lt;th style="text-align:left"&gt;Element Affected&lt;/th&gt;
                    &lt;/tr&gt;
                    &lt;tr&gt;
                        &lt;td&gt;1) Target: .qr-button
		role button  is not allowed for given element&lt;/td&gt;
                    &lt;/tr&gt;
                &lt;/table&gt;
                </msg>
<msg time="2025-05-07T01:06:54.743579" level="INFO" html="true">
                &lt;style&gt;
                    #demo table, #demo th, #demo td{
                        border: 1px dotted black;
                        border-collapse: collapse;
                        table-layout: auto;
                    }
                &lt;/style&gt;
                &lt;table id="demo" style="width:100%"&gt;
                    &lt;tr&gt;
                        &lt;th style="width:50%"&gt;Issue&lt;/th&gt;
                        &lt;th style="width:5%"&gt;URL&lt;/th&gt;
                        &lt;th style="width:7%"&gt;Impact&lt;/th&gt;
                        &lt;th style="width:10%"&gt;Tags&lt;/th&gt;
                    &lt;/tr&gt;
                    &lt;tr&gt;
                        &lt;td&gt;autocomplete-valid - Ensure the autocomplete attribute is correct and suitable for the form field&lt;/td&gt;
                        &lt;td style="text-align:center"&gt;&lt;a href="https://dequeuniversity.com/rules/axe/3.1/autocomplete-valid?application=axeAPI"&gt;Link&lt;/a&gt;&lt;/td&gt;
                        &lt;td style="text-align:center"&gt;serious&lt;/td&gt;
                        &lt;td style="text-align:center"&gt;cat.forms wcag21aa wcag135&lt;/td&gt;
                    &lt;/tr&gt;
                &lt;/table&gt;
                &lt;table id="demodesc" style="width:100%"&gt;
                    &lt;tr&gt;
                        &lt;th style="text-align:left"&gt;Element Affected&lt;/th&gt;
                    &lt;/tr&gt;
                    &lt;tr&gt;
                        &lt;td&gt;1) Target: #user_password
		the autocomplete value is inappropriate for this type of input&lt;/td&gt;
                    &lt;/tr&gt;
                &lt;/table&gt;
                </msg>
<msg time="2025-05-07T01:06:54.743631" level="INFO" html="true">
                &lt;style&gt;
                    #demo table, #demo th, #demo td{
                        border: 1px dotted black;
                        border-collapse: collapse;
                        table-layout: auto;
                    }
                &lt;/style&gt;
                &lt;table id="demo" style="width:100%"&gt;
                    &lt;tr&gt;
                        &lt;th style="width:50%"&gt;Issue&lt;/th&gt;
                        &lt;th style="width:5%"&gt;URL&lt;/th&gt;
                        &lt;th style="width:7%"&gt;Impact&lt;/th&gt;
                        &lt;th style="width:10%"&gt;Tags&lt;/th&gt;
                    &lt;/tr&gt;
                    &lt;tr&gt;
                        &lt;td&gt;bypass - Ensures each page has at least one mechanism for a user to bypass navigation and jump straight to the content&lt;/td&gt;
                        &lt;td style="text-align:center"&gt;&lt;a href="https://dequeuniversity.com/rules/axe/3.1/bypass?application=axeAPI"&gt;Link&lt;/a&gt;&lt;/td&gt;
                        &lt;td style="text-align:center"&gt;serious&lt;/td&gt;
                        &lt;td style="text-align:center"&gt;cat.keyboard wcag2a wcag241 section508 section508.22.o&lt;/td&gt;
                    &lt;/tr&gt;
                &lt;/table&gt;
                &lt;table id="demodesc" style="width:100%"&gt;
                    &lt;tr&gt;
                        &lt;th style="text-align:left"&gt;Element Affected&lt;/th&gt;
                    &lt;/tr&gt;
                    &lt;tr&gt;
                        &lt;td&gt;1) Target: html
		No valid skip link found
		Page does not have a header
		Page does not have a landmark region&lt;/td&gt;
                    &lt;/tr&gt;
                &lt;/table&gt;
                </msg>
<msg time="2025-05-07T01:06:54.743840" level="INFO" html="true">
                &lt;style&gt;
                    #demo table, #demo th, #demo td{
                        border: 1px dotted black;
                        border-collapse: collapse;
                        table-layout: auto;
                    }
                &lt;/style&gt;
                &lt;table id="demo" style="width:100%"&gt;
                    &lt;tr&gt;
                        &lt;th style="width:50%"&gt;Issue&lt;/th&gt;
                        &lt;th style="width:5%"&gt;URL&lt;/th&gt;
                        &lt;th style="width:7%"&gt;Impact&lt;/th&gt;
                        &lt;th style="width:10%"&gt;Tags&lt;/th&gt;
                    &lt;/tr&gt;
                    &lt;tr&gt;
                        &lt;td&gt;color-contrast - Ensures the contrast between foreground and background colors meets WCAG 2 AA contrast ratio thresholds&lt;/td&gt;
                        &lt;td style="text-align:center"&gt;&lt;a href="https://dequeuniversity.com/rules/axe/3.1/color-contrast?application=axeAPI"&gt;Link&lt;/a&gt;&lt;/td&gt;
                        &lt;td style="text-align:center"&gt;serious&lt;/td&gt;
                        &lt;td style="text-align:center"&gt;cat.color wcag2aa wcag143&lt;/td&gt;
                    &lt;/tr&gt;
                &lt;/table&gt;
                &lt;table id="demodesc" style="width:100%"&gt;
                    &lt;tr&gt;
                        &lt;th style="text-align:left"&gt;Element Affected&lt;/th&gt;
                    &lt;/tr&gt;
                    &lt;tr&gt;
                        &lt;td&gt;1) Target: .new_session__divider-text
		Element has insufficient color contrast of 1.83 (foreground color: #bfbfbf, background color: #ffffff, font size: 12.0pt, font weight: bold). Expected contrast ratio of 4.5:1&lt;/td&gt;
                    &lt;/tr&gt;
                &lt;/table&gt;
                </msg>
<msg time="2025-05-07T01:06:54.743897" level="INFO" html="true">
                &lt;style&gt;
                    #demo table, #demo th, #demo td{
                        border: 1px dotted black;
                        border-collapse: collapse;
                        table-layout: auto;
                    }
                &lt;/style&gt;
                &lt;table id="demo" style="width:100%"&gt;
                    &lt;tr&gt;
                        &lt;th style="width:50%"&gt;Issue&lt;/th&gt;
                        &lt;th style="width:5%"&gt;URL&lt;/th&gt;
                        &lt;th style="width:7%"&gt;Impact&lt;/th&gt;
                        &lt;th style="width:10%"&gt;Tags&lt;/th&gt;
                    &lt;/tr&gt;
                    &lt;tr&gt;
                        &lt;td&gt;html-has-lang - Ensures every HTML document has a lang attribute&lt;/td&gt;
                        &lt;td style="text-align:center"&gt;&lt;a href="https://dequeuniversity.com/rules/axe/3.1/html-has-lang?application=axeAPI"&gt;Link&lt;/a&gt;&lt;/td&gt;
                        &lt;td style="text-align:center"&gt;serious&lt;/td&gt;
                        &lt;td style="text-align:center"&gt;cat.language wcag2a wcag311&lt;/td&gt;
                    &lt;/tr&gt;
                &lt;/table&gt;
                &lt;table id="demodesc" style="width:100%"&gt;
                    &lt;tr&gt;
                        &lt;th style="text-align:left"&gt;Element Affected&lt;/th&gt;
                    &lt;/tr&gt;
                    &lt;tr&gt;
                        &lt;td&gt;1) Target: html
		The &lt;html&gt; element does not have a lang attribute&lt;/td&gt;
                    &lt;/tr&gt;
                &lt;/table&gt;
                </msg>
<msg time="2025-05-07T01:06:54.743964" level="INFO" html="true">
                &lt;style&gt;
                    #demo table, #demo th, #demo td{
                        border: 1px dotted black;
                        border-collapse: collapse;
                        table-layout: auto;
                    }
                &lt;/style&gt;
                &lt;table id="demo" style="width:100%"&gt;
                    &lt;tr&gt;
                        &lt;th style="width:50%"&gt;Issue&lt;/th&gt;
                        &lt;th style="width:5%"&gt;URL&lt;/th&gt;
                        &lt;th style="width:7%"&gt;Impact&lt;/th&gt;
                        &lt;th style="width:10%"&gt;Tags&lt;/th&gt;
                    &lt;/tr&gt;
                    &lt;tr&gt;
                        &lt;td&gt;landmark-one-main - Ensures the page has only one main landmark and each iframe in the page has at most one main landmark&lt;/td&gt;
                        &lt;td style="text-align:center"&gt;&lt;a href="https://dequeuniversity.com/rules/axe/3.1/landmark-one-main?application=axeAPI"&gt;Link&lt;/a&gt;&lt;/td&gt;
                        &lt;td style="text-align:center"&gt;moderate&lt;/td&gt;
                        &lt;td style="text-align:center"&gt;cat.semantics best-practice&lt;/td&gt;
                    &lt;/tr&gt;
                &lt;/table&gt;
                &lt;table id="demodesc" style="width:100%"&gt;
                    &lt;tr&gt;
                        &lt;th style="text-align:left"&gt;Element Affected&lt;/th&gt;
                    &lt;/tr&gt;
                    &lt;tr&gt;
                        &lt;td&gt;1) Target: html
		Page does not have a main landmark&lt;/td&gt;
                    &lt;/tr&gt;
                &lt;/table&gt;
                </msg>
<msg time="2025-05-07T01:06:54.744007" level="INFO" html="true">
                &lt;style&gt;
                    #demo table, #demo th, #demo td{
                        border: 1px dotted black;
                        border-collapse: collapse;
                        table-layout: auto;
                    }
                &lt;/style&gt;
                &lt;table id="demo" style="width:100%"&gt;
                    &lt;tr&gt;
                        &lt;th style="width:50%"&gt;Issue&lt;/th&gt;
                        &lt;th style="width:5%"&gt;URL&lt;/th&gt;
                        &lt;th style="width:7%"&gt;Impact&lt;/th&gt;
                        &lt;th style="width:10%"&gt;Tags&lt;/th&gt;
                    &lt;/tr&gt;
                    &lt;tr&gt;
                        &lt;td&gt;page-has-heading-one - Ensure that the page, or at least one of its frames contains a level-one heading&lt;/td&gt;
                        &lt;td style="text-align:center"&gt;&lt;a href="https://dequeuniversity.com/rules/axe/3.1/page-has-heading-one?application=axeAPI"&gt;Link&lt;/a&gt;&lt;/td&gt;
                        &lt;td style="text-align:center"&gt;moderate&lt;/td&gt;
                        &lt;td style="text-align:center"&gt;cat.semantics best-practice&lt;/td&gt;
                    &lt;/tr&gt;
                &lt;/table&gt;
                &lt;table id="demodesc" style="width:100%"&gt;
                    &lt;tr&gt;
                        &lt;th style="text-align:left"&gt;Element Affected&lt;/th&gt;
                    &lt;/tr&gt;
                    &lt;tr&gt;
                        &lt;td&gt;1) Target: html
		Page must have a level-one heading&lt;/td&gt;
                    &lt;/tr&gt;
                &lt;/table&gt;
                </msg>
<msg time="2025-05-07T01:06:54.744077" level="INFO" html="true">
                &lt;style&gt;
                    #demo table, #demo th, #demo td{
                        border: 1px dotted black;
                        border-collapse: collapse;
                        table-layout: auto;
                    }
                &lt;/style&gt;
                &lt;table id="demo" style="width:100%"&gt;
                    &lt;tr&gt;
                        &lt;th style="width:50%"&gt;Issue&lt;/th&gt;
                        &lt;th style="width:5%"&gt;URL&lt;/th&gt;
                        &lt;th style="width:7%"&gt;Impact&lt;/th&gt;
                        &lt;th style="width:10%"&gt;Tags&lt;/th&gt;
                    &lt;/tr&gt;
                    &lt;tr&gt;
                        &lt;td&gt;region - Ensures all page content is contained by landmarks&lt;/td&gt;
                        &lt;td style="text-align:center"&gt;&lt;a href="https://dequeuniversity.com/rules/axe/3.1/region?application=axeAPI"&gt;Link&lt;/a&gt;&lt;/td&gt;
                        &lt;td style="text-align:center"&gt;moderate&lt;/td&gt;
                        &lt;td style="text-align:center"&gt;cat.keyboard best-practice&lt;/td&gt;
                    &lt;/tr&gt;
                &lt;/table&gt;
                &lt;table id="demodesc" style="width:100%"&gt;
                    &lt;tr&gt;
                        &lt;th style="text-align:left"&gt;Element Affected&lt;/th&gt;
                    &lt;/tr&gt;
                    &lt;tr&gt;
                        &lt;td&gt;1) Target: html
		Some page content is not contained by landmarks&lt;/td&gt;
                    &lt;/tr&gt;
                &lt;/table&gt;
                </msg>
<arg>violations</arg>
<doc>Inserts readable accessibility result into `log.html` based on given `type`. Need to be used after `Run Accessibility Tests` keyword</doc>
<status status="PASS" start="2025-05-07T01:06:54.743246" elapsed="0.000956"/>
</kw>
<kw name="Close All Browsers" owner="SeleniumLibrary" type="TEARDOWN">
<doc>Closes all open browsers and resets the browser cache.</doc>
<status status="PASS" start="2025-05-07T01:06:54.744519" elapsed="2.324294"/>
</kw>
<status status="PASS" start="2025-05-07T01:06:42.496280" elapsed="14.572745"/>
</test>
<status status="PASS" start="2025-05-07T01:06:42.493894" elapsed="14.576095"/>
</suite>
<status status="PASS" start="2025-05-07T01:06:18.998495" elapsed="38.073134"/>
</suite>
<statistics>
<total>
<stat pass="2" fail="0" skip="0">All Tests</stat>
</total>
<tag>
</tag>
<suite>
<stat name="Keyboard Navigation Test &amp; Test" id="s1" pass="2" fail="0" skip="0">Keyboard Navigation Test &amp; Test</stat>
<stat name="Keyboard Navigation Test" id="s1-s1" pass="1" fail="0" skip="0">Keyboard Navigation Test &amp; Test.Keyboard Navigation Test</stat>
<stat name="Test" id="s1-s2" pass="1" fail="0" skip="0">Keyboard Navigation Test &amp; Test.Test</stat>
</suite>
</statistics>
<errors>
</errors>
</robot>
